<?xml version="1.0" encoding="UTF-8"?>
<!-- Generated by org.testng.reporters.JUnitReportReporter -->
<testsuite skipped="0" hostname="DESKTOP-NVPTPKF" name="com.test.facebook.FacebookSignup" tests="1" failures="0" timestamp="05 Jan 2021 14:50:57 GMT" time="46.073" errors="0">
  <testcase name="signup" time="46.073" classname="com.test.facebook.FacebookSignup"/>
</testsuite> <!-- com.test.facebook.FacebookSignup -->
